0 verbose cli /usr/local/bin/node /usr/local/bin/npm
1 info using npm@11.10.1
2 info using node@v24.13.1
3 silly config load:file:/usr/local/lib/node_modules/npm/npmrc
4 silly config load:file:/home/container/.npmrc
5 silly config load:file:/usr/local/etc/npmrc
6 verbose title npm install
7 verbose argv "install"
8 verbose logfile logs-max:10 dir:/home/container/.npm/_logs/2026-02-27T00_22_16_708Z-
9 verbose logfile /home/container/.npm/_logs/2026-02-27T00_22_16_708Z-debug-0.log
10 silly logfile start cleaning logs, removing 1 files
11 silly logfile done cleaning log files
12 silly packumentCache heap:359137280 maxSize:89784320 maxEntrySize:44892160
13 silly idealTree buildDeps
14 silly reify moves {}
15 silly audit bulk request {
15 silly audit   '@borewit/text-codec': [ '0.2.1' ],
15 silly audit   '@cacheable/memory': [ '2.0.7' ],
15 silly audit   '@cacheable/node-cache': [ '1.7.6' ],
15 silly audit   '@cacheable/utils': [ '2.3.3' ],
15 silly audit   '@emnapi/runtime': [ '1.8.1' ],
15 silly audit   '@google/generative-ai': [ '0.24.1' ],
15 silly audit   '@hapi/boom': [ '9.1.4' ],
15 silly audit   '@hapi/hoek': [ '9.3.0' ],
15 silly audit   '@img/colour': [ '1.0.0' ],
15 silly audit   '@img/sharp-darwin-arm64': [ '0.34.5' ],
15 silly audit   '@img/sharp-darwin-x64': [ '0.34.5' ],
15 silly audit   '@img/sharp-libvips-darwin-arm64': [ '1.2.4' ],
15 silly audit   '@img/sharp-libvips-darwin-x64': [ '1.2.4' ],
15 silly audit   '@img/sharp-libvips-linux-arm': [ '1.2.4' ],
15 silly audit   '@img/sharp-libvips-linux-arm64': [ '1.2.4' ],
15 silly audit   '@img/sharp-libvips-linux-ppc64': [ '1.2.4' ],
15 silly audit   '@img/sharp-libvips-linux-riscv64': [ '1.2.4' ],
15 silly audit   '@img/sharp-libvips-linux-s390x': [ '1.2.4' ],
15 silly audit   '@img/sharp-libvips-linux-x64': [ '1.2.4' ],
15 silly audit   '@img/sharp-libvips-linuxmusl-arm64': [ '1.2.4' ],
15 silly audit   '@img/sharp-libvips-linuxmusl-x64': [ '1.2.4' ],
15 silly audit   '@img/sharp-linux-arm': [ '0.34.5' ],
15 silly audit   '@img/sharp-linux-arm64': [ '0.34.5' ],
15 silly audit   '@img/sharp-linux-ppc64': [ '0.34.5' ],
15 silly audit   '@img/sharp-linux-riscv64': [ '0.34.5' ],
15 silly audit   '@img/sharp-linux-s390x': [ '0.34.5' ],
15 silly audit   '@img/sharp-linux-x64': [ '0.34.5' ],
15 silly audit   '@img/sharp-linuxmusl-arm64': [ '0.34.5' ],
15 silly audit   '@img/sharp-linuxmusl-x64': [ '0.34.5' ],
15 silly audit   '@img/sharp-wasm32': [ '0.34.5' ],
15 silly audit   '@img/sharp-win32-arm64': [ '0.34.5' ],
15 silly audit   '@img/sharp-win32-ia32': [ '0.34.5' ],
15 silly audit   '@img/sharp-win32-x64': [ '0.34.5' ],
15 silly audit   '@keyv/bigmap': [ '1.3.0' ],
15 silly audit   '@keyv/serialize': [ '1.1.1' ],
15 silly audit   '@pinojs/redact': [ '0.4.0' ],
15 silly audit   '@protobufjs/aspromise': [ '1.1.2' ],
15 silly audit   '@protobufjs/base64': [ '1.1.2' ],
15 silly audit   '@protobufjs/codegen': [ '2.0.4' ],
15 silly audit   '@protobufjs/eventemitter': [ '1.1.0' ],
15 silly audit   '@protobufjs/fetch': [ '1.1.0' ],
15 silly audit   '@protobufjs/float': [ '1.0.2' ],
15 silly audit   '@protobufjs/inquire': [ '1.1.0' ],
15 silly audit   '@protobufjs/path': [ '1.1.2' ],
15 silly audit   '@protobufjs/pool': [ '1.1.0' ],
15 silly audit   '@protobufjs/utf8': [ '1.1.0' ],
15 silly audit   '@tokenizer/inflate': [ '0.4.1' ],
15 silly audit   '@tokenizer/token': [ '0.3.0' ],
15 silly audit   '@types/long': [ '4.0.2' ],
15 silly audit   '@types/node': [ '25.0.9', '10.17.60' ],
15 silly audit   '@whiskeysockets/baileys': [ '7.0.0-rc.9' ],
15 silly audit   pino: [ '9.14.0', '10.2.0' ],
15 silly audit   'pino-abstract-transport': [ '2.0.0', '3.0.0' ],
15 silly audit   'thread-stream': [ '3.1.0', '4.0.0' ],
15 silly audit   accepts: [ '2.0.0' ],
15 silly audit   'mime-db': [ '1.54.0', '1.52.0' ],
15 silly audit   'mime-types': [ '3.0.2', '2.1.35' ],
15 silly audit   adhan: [ '4.4.3' ],
15 silly audit   'ansi-regex': [ '5.0.1' ],
15 silly audit   'ansi-styles': [ '4.3.0' ],
15 silly audit   'apt-get': [ '0.1.0' ],
15 silly audit   'async-mutex': [ '0.5.0' ],
15 silly audit   asynckit: [ '0.4.0' ],
15 silly audit   'atomic-sleep': [ '1.0.0' ],
15 silly audit   axios: [ '1.13.5' ],
15 silly audit   'body-parser': [ '2.2.2' ],
15 silly audit   bytes: [ '3.1.2' ],
15 silly audit   cacheable: [ '2.3.1' ],
15 silly audit   'call-bind-apply-helpers': [ '1.0.2' ],
15 silly audit   'call-bound': [ '1.0.4' ],
15 silly audit   camelcase: [ '5.3.1' ],
15 silly audit   cliui: [ '6.0.0' ],
15 silly audit   'color-convert': [ '2.0.1' ],
15 silly audit   'color-name': [ '1.1.4' ],
15 silly audit   'combined-stream': [ '1.0.8' ],
15 silly audit   'content-disposition': [ '1.0.1' ],
15 silly audit   'content-type': [ '1.0.5' ],
15 silly audit   cookie: [ '0.7.2' ],
15 silly audit   'cookie-signature': [ '1.2.2' ],
15 silly audit   'curve25519-js': [ '0.0.4' ],
15 silly audit   debug: [ '4.4.3' ],
15 silly audit   decamelize: [ '1.2.0' ],
15 silly audit   'delayed-stream': [ '1.0.0' ],
15 silly audit   depd: [ '2.0.0' ],
15 silly audit   'detect-libc': [ '2.1.2' ],
15 silly audit   dijkstrajs: [ '1.0.3' ],
15 silly audit   'dunder-proto': [ '1.0.1' ],
15 silly audit   'ee-first': [ '1.1.1' ],
15 silly audit   'emoji-regex': [ '8.0.0' ],
15 silly audit   encodeurl: [ '2.0.0' ],
15 silly audit   'es-define-property': [ '1.0.1' ],
15 silly audit   'es-errors': [ '1.3.0' ],
15 silly audit   'es-object-atoms': [ '1.1.1' ],
15 silly audit   'es-set-tostringtag': [ '2.1.0' ],
15 silly audit   'escape-html': [ '1.0.3' ],
15 silly audit   etag: [ '1.8.1' ],
15 silly audit   eventemitter3: [ '5.0.1' ],
15 silly audit   express: [ '5.2.1' ],
15 silly audit   'file-type': [ '21.3.0' ],
15 silly audit   finalhandler: [ '2.1.1' ],
15 silly audit   'find-up': [ '4.1.0' ],
15 silly audit   'follow-redirects': [ '1.15.11' ],
15 silly audit   'form-data': [ '4.0.5' ],
15 silly audit   forwarded: [ '0.2.0' ],
15 silly audit   fresh: [ '2.0.0' ],
15 silly audit   fs: [ '0.0.1-security' ],
15 silly audit   'function-bind': [ '1.1.2' ],
15 silly audit   'get-caller-file': [ '2.0.5' ],
15 silly audit   'get-intrinsic': [ '1.3.0' ],
15 silly audit   'get-proto': [ '1.0.1' ],
15 silly audit   gopd: [ '1.2.0' ],
15 silly audit   'has-symbols': [ '1.1.0' ],
15 silly audit   'has-tostringtag': [ '1.0.2' ],
15 silly audit   hashery: [ '1.4.0' ],
15 silly audit   hasown: [ '2.0.2' ],
15 silly audit   hookified: [ '1.15.0' ],
15 silly audit   'http-errors': [ '2.0.1' ],
15 silly audit   inherits: [ '2.0.4', '2.0.3' ],
15 silly audit   'iconv-lite': [ '0.7.2' ],
15 silly audit   ieee754: [ '1.2.1' ],
15 silly audit   imagemagick: [ '0.1.3' ],
15 silly audit   install: [ '0.13.0' ],
15 silly audit   'ipaddr.js': [ '1.9.1' ],
15 silly audit   'is-fullwidth-code-point': [ '3.0.0' ],
15 silly audit   'is-promise': [ '4.0.0' ],
15 silly audit   keyv: [ '5.5.5' ],
15 silly audit   '@whiskeysockets/libsignal-node': [ '2.0.1' ],
15 silly audit   long: [ '4.0.0', '5.3.2' ],
15 silly audit   protobufjs: [ '6.8.8', '7.5.4' ],
15 silly audit   'locate-path': [ '5.0.0' ],
15 silly audit   'lru-cache': [ '11.2.4', '11.2.6' ],
15 silly audit   'math-intrinsics': [ '1.1.0' ],
15 silly audit   'media-typer': [ '1.1.0' ],
15 silly audit   'merge-descriptors': [ '2.0.0' ],
15 silly audit   ms: [ '2.1.3' ],
15 silly audit   'music-metadata': [ '11.10.6' ],
15 silly audit   negotiator: [ '1.0.0' ],
15 silly audit   'node-cron': [ '4.2.1' ],
15 silly audit   npm: [ '11.11.0' ],
15 silly audit   retry: [ '0.13.1', '0.12.0' ],
15 silly audit   minipass: [ '7.1.3', '3.3.6' ],
15 silly audit   yallist: [ '4.0.0', '5.0.0' ],
15 silly audit   'qrcode-terminal': [ '0.12.0' ],
15 silly audit   'safer-buffer': [ '2.1.2' ],
15 silly audit   semver: [ '7.7.3', '7.7.4' ],
15 silly audit   'object-inspect': [ '1.13.4' ],
15 silly audit   'on-exit-leak-free': [ '2.1.2' ],
15 silly audit   'on-finished': [ '2.4.1' ],
15 silly audit   once: [ '1.4.0' ],
15 silly audit   'p-limit': [ '2.3.0' ],
15 silly audit   'p-locate': [ '4.1.0' ],
15 silly audit   'p-queue': [ '9.1.0' ],
15 silly audit   'p-timeout': [ '7.0.1' ],
15 silly audit   'p-try': [ '2.2.0' ],
15 silly audit   parseurl: [ '1.3.3' ],
15 silly audit   path: [ '0.12.7' ],
15 silly audit   'path-exists': [ '4.0.0' ],
15 silly audit   'path-to-regexp': [ '8.3.0' ],
15 silly audit   'pino-std-serializers': [ '7.1.0' ],
15 silly audit   pngjs: [ '5.0.0' ],
15 silly audit   process: [ '0.11.10' ],
15 silly audit   'process-warning': [ '5.0.0' ],
15 silly audit   'proxy-addr': [ '2.0.7' ],
15 silly audit   'proxy-from-env': [ '1.1.0' ],
15 silly audit   qified: [ '0.5.3' ],
15 silly audit   qrcode: [ '1.5.4' ],
15 silly audit   qs: [ '6.14.1' ],
15 silly audit   'quick-format-unescaped': [ '4.0.4' ],
15 silly audit   'range-parser': [ '1.2.1' ],
15 silly audit   'raw-body': [ '3.0.2' ],
15 silly audit   'real-require': [ '0.2.0' ],
15 silly audit   'require-directory': [ '2.1.1' ],
15 silly audit   'require-main-filename': [ '2.0.0' ],
15 silly audit   router: [ '2.2.0' ],
15 silly audit   'safe-stable-stringify': [ '2.5.0' ],
15 silly audit   send: [ '1.2.1' ],
15 silly audit   'serve-static': [ '2.2.1' ],
15 silly audit   'set-blocking': [ '2.0.0' ],
15 silly audit   setprototypeof: [ '1.2.0' ],
15 silly audit   sharp: [ '0.34.5' ],
15 silly audit   'side-channel': [ '1.1.0' ],
15 silly audit   'side-channel-list': [ '1.0.0' ],
15 silly audit   'side-channel-map': [ '1.0.1' ],
15 silly audit   'side-channel-weakmap': [ '1.0.2' ],
15 silly audit   'sonic-boom': [ '4.2.0' ],
15 silly audit   split2: [ '4.2.0' ],
15 silly audit   statuses: [ '2.0.2' ],
15 silly audit   'string-width': [ '4.2.3' ],
15 silly audit   'strip-ansi': [ '6.0.1' ],
15 silly audit   strtok3: [ '10.3.4' ],
15 silly audit   toidentifier: [ '1.0.1' ],
15 silly audit   'token-types': [ '6.1.2' ],
15 silly audit   tslib: [ '2.8.1' ],
15 silly audit   'type-is': [ '2.0.1' ],
15 silly audit   'uint8array-extras': [ '1.5.0' ],
15 silly audit   'undici-types': [ '7.16.0' ],
15 silly audit   unpipe: [ '1.0.0' ],
15 silly audit   util: [ '0.10.4' ],
15 silly audit   vary: [ '1.1.2' ],
15 silly audit   'which-module': [ '2.0.1' ],
15 silly audit   'win-guid': [ '0.1.3' ],
15 silly audit   'wrap-ansi': [ '6.2.0' ],
15 silly audit   wrappy: [ '1.0.2' ],
15 silly audit   ws: [ '8.19.0' ],
15 silly audit   y18n: [ '4.0.3' ],
15 silly audit   yargs: [ '15.4.1' ],
15 silly audit   'yargs-parser': [ '18.1.3' ],
15 silly audit   '@gar/promise-retry': [ '1.0.2' ],
15 silly audit   '@isaacs/fs-minipass': [ '4.0.1' ],
15 silly audit   '@isaacs/string-locale-compare': [ '1.1.0' ],
15 silly audit   '@npmcli/agent': [ '4.0.0' ],
15 silly audit   '@npmcli/arborist': [ '9.4.0' ],
15 silly audit   '@npmcli/config': [ '10.7.1' ],
15 silly audit   '@npmcli/fs': [ '5.0.0' ],
15 silly audit   '@npmcli/git': [ '7.0.2' ],
15 silly audit   '@npmcli/installed-package-contents': [ '4.0.0' ],
15 silly audit   '@npmcli/map-workspaces': [ '5.0.3' ],
15 silly audit   '@npmcli/metavuln-calculator': [ '9.0.3' ],
15 silly audit   '@npmcli/name-from-folder': [ '4.0.0' ],
15 silly audit   '@npmcli/node-gyp': [ '5.0.0' ],
15 silly audit   '@npmcli/package-json': [ '7.0.5' ],
15 silly audit   '@npmcli/promise-spawn': [ '9.0.1' ],
15 silly audit   '@npmcli/query': [ '5.0.0' ],
15 silly audit   '@npmcli/redact': [ '4.0.0' ],
15 silly audit   '@npmcli/run-script': [ '10.0.3' ],
15 silly audit   '@sigstore/bundle': [ '4.0.0' ],
15 silly audit   '@sigstore/core': [ '3.1.0' ],
15 silly audit   '@sigstore/protobuf-specs': [ '0.5.0' ],
15 silly audit   '@sigstore/sign': [ '4.1.0' ],
15 silly audit   '@sigstore/tuf': [ '4.0.1' ],
15 silly audit   '@sigstore/verify': [ '3.1.0' ],
15 silly audit   '@tufjs/canonical-json': [ '2.0.0' ],
15 silly audit   '@tufjs/models': [ '4.1.0' ],
15 silly audit   abbrev: [ '4.0.0' ],
15 silly audit   'agent-base': [ '7.1.4' ],
15 silly audit   aproba: [ '2.1.0' ],
15 silly audit   archy: [ '1.0.0' ],
15 silly audit   'balanced-match': [ '4.0.4' ],
15 silly audit   'bin-links': [ '6.0.0' ],
15 silly audit   'binary-extensions': [ '3.1.0' ],
15 silly audit   'brace-expansion': [ '5.0.3' ],
15 silly audit   cacache: [ '20.0.3' ],
15 silly audit   chalk: [ '5.6.2' ],
15 silly audit   chownr: [ '3.0.0' ],
15 silly audit   'ci-info': [ '4.4.0' ],
15 silly audit   'cidr-regex': [ '5.0.3' ],
15 silly audit   'cmd-shim': [ '8.0.0' ],
15 silly audit   'common-ancestor-path': [ '2.0.0' ],
15 silly audit   cssesc: [ '3.0.0' ],
15 silly audit   diff: [ '8.0.3' ],
15 silly audit   'env-paths': [ '2.2.1' ],
15 silly audit   'err-code': [ '2.0.3' ],
15 silly audit   'exponential-backoff': [ '3.1.3' ],
15 silly audit   'fastest-levenshtein': [ '1.0.16' ],
15 silly audit   'fs-minipass': [ '3.0.3' ],
15 silly audit   glob: [ '13.0.6' ],
15 silly audit   'graceful-fs': [ '4.2.11' ],
15 silly audit   'hosted-git-info': [ '9.0.2' ],
15 silly audit   'http-cache-semantics': [ '4.2.0' ],
15 silly audit   'http-proxy-agent': [ '7.0.2' ],
15 silly audit   'https-proxy-agent': [ '7.0.6' ],
15 silly audit   'ignore-walk': [ '8.0.0' ],
15 silly audit   imurmurhash: [ '0.1.4' ],
15 silly audit   ini: [ '6.0.0' ],
15 silly audit   'init-package-json': [ '8.2.5' ],
15 silly audit   'ip-address': [ '10.1.0' ],
15 silly audit   'is-cidr': [ '6.0.3' ],
15 silly audit   isexe: [ '4.0.0' ],
15 silly audit   'json-parse-even-better-errors': [ '5.0.0' ],
15 silly audit   'json-stringify-nice': [ '1.1.4' ],
15 silly audit   jsonparse: [ '1.3.1' ],
15 silly audit   'just-diff': [ '6.0.2' ],
15 silly audit   'just-diff-apply': [ '5.5.0' ],
15 silly audit   libnpmaccess: [ '10.0.3' ],
15 silly audit   libnpmdiff: [ '8.1.3' ],
15 silly audit   libnpmexec: [ '10.2.3' ],
15 silly audit   libnpmfund: [ '7.0.17' ],
15 silly audit   libnpmorg: [ '8.0.1' ],
15 silly audit   libnpmpack: [ '9.1.3' ],
15 silly audit   libnpmpublish: [ '11.1.3' ],
15 silly audit   libnpmsearch: [ '9.0.1' ],
15 silly audit   libnpmteam: [ '8.0.2' ],
15 silly audit   libnpmversion: [ '8.0.3' ],
15 silly audit   'make-fetch-happen': [ '15.0.4' ],
15 silly audit   minimatch: [ '10.2.2' ],
15 silly audit   'minipass-collect': [ '2.0.1' ],
15 silly audit   'minipass-fetch': [ '5.0.2' ],
15 silly audit   'minipass-flush': [ '1.0.5' ],
15 silly audit   'minipass-pipeline': [ '1.2.4' ],
15 silly audit   'minipass-sized': [ '2.0.0' ],
15 silly audit   minizlib: [ '3.1.0' ],
15 silly audit   'mute-stream': [ '3.0.0' ],
15 silly audit   'node-gyp': [ '12.2.0' ],
15 silly audit   nopt: [ '9.0.0' ],
15 silly audit   'npm-audit-report': [ '7.0.0' ],
15 silly audit   'npm-bundled': [ '5.0.0' ],
15 silly audit   'npm-install-checks': [ '8.0.0' ],
15 silly audit   'npm-normalize-package-bin': [ '5.0.0' ],
15 silly audit   'npm-package-arg': [ '13.0.2' ],
15 silly audit   'npm-packlist': [ '10.0.4' ],
15 silly audit   'npm-pick-manifest': [ '11.0.3' ],
15 silly audit   'npm-profile': [ '12.0.1' ],
15 silly audit   'npm-registry-fetch': [ '19.1.1' ],
15 silly audit   'npm-user-validate': [ '4.0.0' ],
15 silly audit   'p-map': [ '7.0.4' ],
15 silly audit   pacote: [ '21.4.0' ],
15 silly audit   'parse-conflict-json': [ '5.0.1' ],
15 silly audit   'path-scurry': [ '2.0.2' ],
15 silly audit   'postcss-selector-parser': [ '7.1.1' ],
15 silly audit   'proc-log': [ '6.1.0' ],
15 silly audit   proggy: [ '4.0.0' ],
15 silly audit   'promise-all-reject-late': [ '1.0.1' ],
15 silly audit   'promise-call-limit': [ '3.0.2' ],
15 silly audit   'promise-retry': [ '2.0.1' ],
15 silly audit   promzard: [ '3.0.1' ],
15 silly audit   read: [ '5.0.1' ],
15 silly audit   'read-cmd-shim': [ '6.0.0' ],
15 silly audit   'signal-exit': [ '4.1.0' ],
15 silly audit   sigstore: [ '4.1.0' ],
15 silly audit   'smart-buffer': [ '4.2.0' ],
15 silly audit   socks: [ '2.8.7' ],
15 silly audit   'socks-proxy-agent': [ '8.0.5' ],
15 silly audit   'spdx-exceptions': [ '2.5.0' ],
15 silly audit   'spdx-expression-parse': [ '4.0.0' ],
15 silly audit   'spdx-license-ids': [ '3.0.23' ],
15 silly audit   ssri: [ '13.0.1' ],
15 silly audit   'supports-color': [ '10.2.2' ],
15 silly audit   tar: [ '7.5.9' ],
15 silly audit   'text-table': [ '0.2.0' ],
15 silly audit   'tiny-relative-date': [ '2.0.2' ],
15 silly audit   tinyglobby: [ '0.2.15' ],
15 silly audit   fdir: [ '6.5.0' ],
15 silly audit   picomatch: [ '4.0.3' ],
15 silly audit   treeverse: [ '3.0.0' ],
15 silly audit   'tuf-js': [ '4.1.0' ],
15 silly audit   'unique-filename': [ '5.0.0' ],
15 silly audit   'unique-slug': [ '6.0.0' ],
15 silly audit   'util-deprecate': [ '1.0.2' ],
15 silly audit   'validate-npm-package-name': [ '7.0.2' ],
15 silly audit   'walk-up-path': [ '4.0.0' ],
15 silly audit   which: [ '6.0.1' ],
15 silly audit   'write-file-atomic': [ '7.0.0' ]
15 silly audit }
16 http fetch POST 200 https://registry.npmjs.org/-/npm/v1/security/advisories/bulk 1281ms
17 silly audit report {
17 silly audit report   qs: [
17 silly audit report     {
17 silly audit report       id: 1113161,
17 silly audit report       url: 'https://github.com/advisories/GHSA-w7fw-mjwx-w883',
17 silly audit report       title: "qs's arrayLimit bypass in comma parsing allows denial of service",
17 silly audit report       severity: 'low',
17 silly audit report       vulnerable_versions: '>=6.7.0 <=6.14.1',
17 silly audit report       cwe: [Array],
17 silly audit report       cvss: [Object]
17 silly audit report     }
17 silly audit report   ],
17 silly audit report   minimatch: [
17 silly audit report     {
17 silly audit report       id: 1113545,
17 silly audit report       url: 'https://github.com/advisories/GHSA-7r86-cg39-jmmj',
17 silly audit report       title: 'minimatch has ReDoS: matchOne() combinatorial backtracking via multiple non-adjacent GLOBSTAR segments',
17 silly audit report       severity: 'high',
17 silly audit report       vulnerable_versions: '>=10.0.0 <10.2.3',
17 silly audit report       cwe: [Array],
17 silly audit report       cvss: [Object]
17 silly audit report     },
17 silly audit report     {
17 silly audit report       id: 1113553,
17 silly audit report       url: 'https://github.com/advisories/GHSA-23c5-xmqv-rm74',
17 silly audit report       title: 'minimatch ReDoS: nested *() extglobs generate catastrophically backtracking regular expressions',
17 silly audit report       severity: 'high',
17 silly audit report       vulnerable_versions: '>=10.0.0 <10.2.3',
17 silly audit report       cwe: [Array],
17 silly audit report       cvss: [Object]
17 silly audit report     }
17 silly audit report   ]
17 silly audit report }
18 silly packumentCache corgi:https://registry.npmjs.org/qs cache-miss
19 silly packumentCache corgi:https://registry.npmjs.org/minimatch cache-miss
20 http cache https://registry.npmjs.org/qs 61ms (cache hit)
21 silly packumentCache corgi:https://registry.npmjs.org/qs set size:143799 disposed:false
22 http cache https://registry.npmjs.org/minimatch 89ms (cache hit)
23 silly packumentCache corgi:https://registry.npmjs.org/minimatch set size:167610 disposed:false
24 silly packumentCache corgi:https://registry.npmjs.org/body-parser cache-miss
25 silly packumentCache corgi:https://registry.npmjs.org/express cache-miss
26 http cache https://registry.npmjs.org/body-parser 22ms (cache hit)
27 silly packumentCache corgi:https://registry.npmjs.org/body-parser set size:77795 disposed:false
28 http cache https://registry.npmjs.org/express 31ms (cache hit)
29 silly packumentCache corgi:https://registry.npmjs.org/express set size:337735 disposed:false
30 silly packumentCache corgi:https://registry.npmjs.org/npm cache-miss
31 silly packumentCache corgi:https://registry.npmjs.org/@npmcli%2farborist cache-miss
32 silly packumentCache corgi:https://registry.npmjs.org/@npmcli%2fmap-workspaces cache-miss
33 silly packumentCache corgi:https://registry.npmjs.org/@tufjs%2fmodels cache-miss
34 silly packumentCache corgi:https://registry.npmjs.org/glob cache-miss
35 silly packumentCache corgi:https://registry.npmjs.org/ignore-walk cache-miss
36 silly packumentCache corgi:https://registry.npmjs.org/libnpmdiff cache-miss
37 http cache https://registry.npmjs.org/@npmcli%2fmap-workspaces 78ms (cache hit)
38 silly packumentCache corgi:https://registry.npmjs.org/@npmcli%2fmap-workspaces set size:36677 disposed:false
39 http cache https://registry.npmjs.org/libnpmdiff 80ms (cache hit)
40 silly packumentCache corgi:https://registry.npmjs.org/libnpmdiff set size:104606 disposed:false
41 http cache https://registry.npmjs.org/glob 124ms (cache hit)
42 silly packumentCache corgi:https://registry.npmjs.org/glob set size:199194 disposed:false
43 http cache https://registry.npmjs.org/@tufjs%2fmodels 138ms (cache hit)
44 silly packumentCache corgi:https://registry.npmjs.org/@tufjs%2fmodels set size:15872 disposed:false
45 http cache https://registry.npmjs.org/ignore-walk 140ms (cache hit)
46 silly packumentCache corgi:https://registry.npmjs.org/ignore-walk set size:29370 disposed:false
47 http cache https://registry.npmjs.org/@npmcli%2farborist 151ms (cache hit)
48 silly packumentCache corgi:https://registry.npmjs.org/@npmcli%2farborist set size:493381 disposed:false
49 http cache https://registry.npmjs.org/npm 172ms (cache hit)
50 silly packumentCache corgi:https://registry.npmjs.org/npm set size:2354724 disposed:false
51 verbose cwd /home/container
52 verbose os Linux 6.1.0-25-amd64
53 verbose node v24.13.1
54 verbose npm  v11.10.1
55 verbose exit 0
56 info ok
