0 verbose cli /usr/local/bin/node /usr/local/bin/npm
1 info using npm@11.10.1
2 info using node@v24.13.1
3 silly config load:file:/usr/local/lib/node_modules/npm/npmrc
4 silly config load:file:/home/container/.npmrc
5 silly config load:file:/usr/local/etc/npmrc
6 verbose title npm install express qrcode npm axios form-data apt-get imagemagick npm sharp npm install sharp
7 verbose argv "install" "express" "qrcode" "npm" "axios" "form-data" "apt-get" "imagemagick" "--yes" "npm" "sharp" "npm" "install" "sharp"
8 verbose logfile logs-max:10 dir:/home/container/.npm/_logs/2026-02-26T23_34_02_097Z-
9 verbose logfile /home/container/.npm/_logs/2026-02-26T23_34_02_097Z-debug-0.log
10 silly logfile start cleaning logs, removing 1 files
11 silly packumentCache heap:359137280 maxSize:89784320 maxEntrySize:44892160
12 silly logfile done cleaning log files
13 silly idealTree buildDeps
14 silly fetch manifest apt-get@^0.1.0
15 silly packumentCache full:https://registry.npmjs.org/apt-get cache-miss
16 http fetch GET 200 https://registry.npmjs.org/apt-get 1297ms (cache revalidated)
17 silly packumentCache full:https://registry.npmjs.org/apt-get set size:4607 disposed:false
18 silly fetch manifest axios@^1.13.5
19 silly packumentCache full:https://registry.npmjs.org/axios cache-miss
20 http fetch GET 200 https://registry.npmjs.org/axios 708ms (cache revalidated)
21 silly packumentCache full:https://registry.npmjs.org/axios set size:694749 disposed:false
22 silly fetch manifest express@^5.2.1
23 silly packumentCache full:https://registry.npmjs.org/express cache-miss
24 http fetch GET 200 https://registry.npmjs.org/express 2404ms (cache revalidated)
25 silly packumentCache full:https://registry.npmjs.org/express set size:801204 disposed:false
26 silly fetch manifest form-data@^4.0.5
27 silly packumentCache full:https://registry.npmjs.org/form-data cache-miss
28 http fetch GET 200 https://registry.npmjs.org/form-data 80ms (cache revalidated)
29 silly packumentCache full:https://registry.npmjs.org/form-data set size:153646 disposed:false
30 silly fetch manifest imagemagick@^0.1.3
31 silly packumentCache full:https://registry.npmjs.org/imagemagick cache-miss
32 http fetch GET 200 https://registry.npmjs.org/imagemagick 261ms (cache revalidated)
33 silly packumentCache full:https://registry.npmjs.org/imagemagick set size:10205 disposed:false
34 silly fetch manifest install@^0.13.0
35 silly packumentCache full:https://registry.npmjs.org/install cache-miss
36 http fetch GET 200 https://registry.npmjs.org/install 1341ms (cache revalidated)
37 silly packumentCache full:https://registry.npmjs.org/install set size:110214 disposed:false
38 silly fetch manifest npm@^11.11.0
39 silly packumentCache full:https://registry.npmjs.org/npm cache-miss
40 http fetch GET 200 https://registry.npmjs.org/npm 378ms (cache revalidated)
41 silly packumentCache full:https://registry.npmjs.org/npm set size:23953300 disposed:false
42 silly fetch manifest qrcode@^1.5.4
43 silly packumentCache full:https://registry.npmjs.org/qrcode cache-miss
44 http fetch GET 200 https://registry.npmjs.org/qrcode 419ms (cache revalidated)
45 silly packumentCache full:https://registry.npmjs.org/qrcode set size:131489 disposed:false
46 silly fetch manifest sharp@^0.34.5
47 silly packumentCache full:https://registry.npmjs.org/sharp cache-miss
48 http fetch GET 200 https://registry.npmjs.org/sharp 428ms (cache revalidated)
49 silly packumentCache full:https://registry.npmjs.org/sharp set size:1034463 disposed:false
50 silly placeDep ROOT apt-get@0.1.0 REPLACE for: bot2@1.0.0 want: ^0.1.0
51 silly placeDep ROOT axios@1.13.5 REPLACE for: bot2@1.0.0 want: ^1.13.5
52 silly placeDep ROOT express@5.2.1 REPLACE for: bot2@1.0.0 want: ^5.2.1
53 silly placeDep ROOT form-data@4.0.5 REPLACE for: bot2@1.0.0 want: ^4.0.5
54 silly placeDep ROOT imagemagick@0.1.3 REPLACE for: bot2@1.0.0 want: ^0.1.3
55 silly placeDep ROOT install@0.13.0 REPLACE for: bot2@1.0.0 want: ^0.13.0
56 silly placeDep ROOT npm@11.11.0 REPLACE for: bot2@1.0.0 want: ^11.11.0
57 silly placeDep ROOT qrcode@1.5.4 REPLACE for: bot2@1.0.0 want: ^1.5.4
58 silly placeDep ROOT sharp@0.34.5 REPLACE for: bot2@1.0.0 want: ^0.34.5
59 silly reify moves {}
60 silly audit bulk request {
60 silly audit   '@borewit/text-codec': [ '0.2.1' ],
60 silly audit   '@cacheable/memory': [ '2.0.7' ],
60 silly audit   '@cacheable/node-cache': [ '1.7.6' ],
60 silly audit   '@cacheable/utils': [ '2.3.3' ],
60 silly audit   '@emnapi/runtime': [ '1.8.1' ],
60 silly audit   '@google/generative-ai': [ '0.24.1' ],
60 silly audit   '@hapi/boom': [ '9.1.4' ],
60 silly audit   '@hapi/hoek': [ '9.3.0' ],
60 silly audit   '@img/colour': [ '1.0.0' ],
60 silly audit   '@img/sharp-darwin-arm64': [ '0.34.5' ],
60 silly audit   '@img/sharp-darwin-x64': [ '0.34.5' ],
60 silly audit   '@img/sharp-libvips-darwin-arm64': [ '1.2.4' ],
60 silly audit   '@img/sharp-libvips-darwin-x64': [ '1.2.4' ],
60 silly audit   '@img/sharp-libvips-linux-arm': [ '1.2.4' ],
60 silly audit   '@img/sharp-libvips-linux-arm64': [ '1.2.4' ],
60 silly audit   '@img/sharp-libvips-linux-ppc64': [ '1.2.4' ],
60 silly audit   '@img/sharp-libvips-linux-riscv64': [ '1.2.4' ],
60 silly audit   '@img/sharp-libvips-linux-s390x': [ '1.2.4' ],
60 silly audit   '@img/sharp-libvips-linux-x64': [ '1.2.4' ],
60 silly audit   '@img/sharp-libvips-linuxmusl-arm64': [ '1.2.4' ],
60 silly audit   '@img/sharp-libvips-linuxmusl-x64': [ '1.2.4' ],
60 silly audit   '@img/sharp-linux-arm': [ '0.34.5' ],
60 silly audit   '@img/sharp-linux-arm64': [ '0.34.5' ],
60 silly audit   '@img/sharp-linux-ppc64': [ '0.34.5' ],
60 silly audit   '@img/sharp-linux-riscv64': [ '0.34.5' ],
60 silly audit   '@img/sharp-linux-s390x': [ '0.34.5' ],
60 silly audit   '@img/sharp-linux-x64': [ '0.34.5' ],
60 silly audit   '@img/sharp-linuxmusl-arm64': [ '0.34.5' ],
60 silly audit   '@img/sharp-linuxmusl-x64': [ '0.34.5' ],
60 silly audit   '@img/sharp-wasm32': [ '0.34.5' ],
60 silly audit   '@img/sharp-win32-arm64': [ '0.34.5' ],
60 silly audit   '@img/sharp-win32-ia32': [ '0.34.5' ],
60 silly audit   '@img/sharp-win32-x64': [ '0.34.5' ],
60 silly audit   '@keyv/bigmap': [ '1.3.0' ],
60 silly audit   '@keyv/serialize': [ '1.1.1' ],
60 silly audit   '@pinojs/redact': [ '0.4.0' ],
60 silly audit   '@protobufjs/aspromise': [ '1.1.2' ],
60 silly audit   '@protobufjs/base64': [ '1.1.2' ],
60 silly audit   '@protobufjs/codegen': [ '2.0.4' ],
60 silly audit   '@protobufjs/eventemitter': [ '1.1.0' ],
60 silly audit   '@protobufjs/fetch': [ '1.1.0' ],
60 silly audit   '@protobufjs/float': [ '1.0.2' ],
60 silly audit   '@protobufjs/inquire': [ '1.1.0' ],
60 silly audit   '@protobufjs/path': [ '1.1.2' ],
60 silly audit   '@protobufjs/pool': [ '1.1.0' ],
60 silly audit   '@protobufjs/utf8': [ '1.1.0' ],
60 silly audit   '@tokenizer/inflate': [ '0.4.1' ],
60 silly audit   '@tokenizer/token': [ '0.3.0' ],
60 silly audit   '@types/long': [ '4.0.2' ],
60 silly audit   '@types/node': [ '25.0.9', '10.17.60' ],
60 silly audit   '@whiskeysockets/baileys': [ '7.0.0-rc.9' ],
60 silly audit   pino: [ '9.14.0', '10.2.0' ],
60 silly audit   'pino-abstract-transport': [ '2.0.0', '3.0.0' ],
60 silly audit   'thread-stream': [ '3.1.0', '4.0.0' ],
60 silly audit   accepts: [ '2.0.0' ],
60 silly audit   'mime-db': [ '1.54.0', '1.52.0' ],
60 silly audit   'mime-types': [ '3.0.2', '2.1.35' ],
60 silly audit   adhan: [ '4.4.3' ],
60 silly audit   'ansi-regex': [ '5.0.1' ],
60 silly audit   'ansi-styles': [ '4.3.0' ],
60 silly audit   'async-mutex': [ '0.5.0' ],
60 silly audit   asynckit: [ '0.4.0' ],
60 silly audit   'atomic-sleep': [ '1.0.0' ],
60 silly audit   'body-parser': [ '2.2.2' ],
60 silly audit   bytes: [ '3.1.2' ],
60 silly audit   cacheable: [ '2.3.1' ],
60 silly audit   'call-bind-apply-helpers': [ '1.0.2' ],
60 silly audit   'call-bound': [ '1.0.4' ],
60 silly audit   camelcase: [ '5.3.1' ],
60 silly audit   cliui: [ '6.0.0' ],
60 silly audit   'color-convert': [ '2.0.1' ],
60 silly audit   'color-name': [ '1.1.4' ],
60 silly audit   'combined-stream': [ '1.0.8' ],
60 silly audit   'content-disposition': [ '1.0.1' ],
60 silly audit   'content-type': [ '1.0.5' ],
60 silly audit   cookie: [ '0.7.2' ],
60 silly audit   'cookie-signature': [ '1.2.2' ],
60 silly audit   'curve25519-js': [ '0.0.4' ],
60 silly audit   debug: [ '4.4.3' ],
60 silly audit   decamelize: [ '1.2.0' ],
60 silly audit   'delayed-stream': [ '1.0.0' ],
60 silly audit   depd: [ '2.0.0' ],
60 silly audit   'detect-libc': [ '2.1.2' ],
60 silly audit   dijkstrajs: [ '1.0.3' ],
60 silly audit   'dunder-proto': [ '1.0.1' ],
60 silly audit   'ee-first': [ '1.1.1' ],
60 silly audit   'emoji-regex': [ '8.0.0' ],
60 silly audit   encodeurl: [ '2.0.0' ],
60 silly audit   'es-define-property': [ '1.0.1' ],
60 silly audit   'es-errors': [ '1.3.0' ],
60 silly audit   'es-object-atoms': [ '1.1.1' ],
60 silly audit   'es-set-tostringtag': [ '2.1.0' ],
60 silly audit   'escape-html': [ '1.0.3' ],
60 silly audit   etag: [ '1.8.1' ],
60 silly audit   eventemitter3: [ '5.0.1' ],
60 silly audit   'file-type': [ '21.3.0' ],
60 silly audit   finalhandler: [ '2.1.1' ],
60 silly audit   'find-up': [ '4.1.0' ],
60 silly audit   'follow-redirects': [ '1.15.11' ],
60 silly audit   forwarded: [ '0.2.0' ],
60 silly audit   fresh: [ '2.0.0' ],
60 silly audit   fs: [ '0.0.1-security' ],
60 silly audit   'function-bind': [ '1.1.2' ],
60 silly audit   'get-caller-file': [ '2.0.5' ],
60 silly audit   'get-intrinsic': [ '1.3.0' ],
60 silly audit   'get-proto': [ '1.0.1' ],
60 silly audit   gopd: [ '1.2.0' ],
60 silly audit   'has-symbols': [ '1.1.0' ],
60 silly audit   'has-tostringtag': [ '1.0.2' ],
60 silly audit   hashery: [ '1.4.0' ],
60 silly audit   hasown: [ '2.0.2' ],
60 silly audit   hookified: [ '1.15.0' ],
60 silly audit   'http-errors': [ '2.0.1' ],
60 silly audit   inherits: [ '2.0.4', '2.0.3' ],
60 silly audit   'iconv-lite': [ '0.7.2' ],
60 silly audit   ieee754: [ '1.2.1' ],
60 silly audit   'ipaddr.js': [ '1.9.1' ],
60 silly audit   'is-fullwidth-code-point': [ '3.0.0' ],
60 silly audit   'is-promise': [ '4.0.0' ],
60 silly audit   keyv: [ '5.5.5' ],
60 silly audit   '@whiskeysockets/libsignal-node': [ '2.0.1' ],
60 silly audit   long: [ '4.0.0', '5.3.2' ],
60 silly audit   protobufjs: [ '6.8.8', '7.5.4' ],
60 silly audit   'locate-path': [ '5.0.0' ],
60 silly audit   'lru-cache': [ '11.2.4', '11.2.6' ],
60 silly audit   'math-intrinsics': [ '1.1.0' ],
60 silly audit   'media-typer': [ '1.1.0' ],
60 silly audit   'merge-descriptors': [ '2.0.0' ],
60 silly audit   ms: [ '2.1.3' ],
60 silly audit   'music-metadata': [ '11.10.6' ],
60 silly audit   negotiator: [ '1.0.0' ],
60 silly audit   'node-cron': [ '4.2.1' ],
60 silly audit   'qrcode-terminal': [ '0.12.0' ],
60 silly audit   'safer-buffer': [ '2.1.2' ],
60 silly audit   semver: [ '7.7.3', '7.7.4' ],
60 silly audit   'object-inspect': [ '1.13.4' ],
60 silly audit   'on-exit-leak-free': [ '2.1.2' ],
60 silly audit   'on-finished': [ '2.4.1' ],
60 silly audit   once: [ '1.4.0' ],
60 silly audit   'p-limit': [ '2.3.0' ],
60 silly audit   'p-locate': [ '4.1.0' ],
60 silly audit   'p-queue': [ '9.1.0' ],
60 silly audit   'p-timeout': [ '7.0.1' ],
60 silly audit   'p-try': [ '2.2.0' ],
60 silly audit   parseurl: [ '1.3.3' ],
60 silly audit   path: [ '0.12.7' ],
60 silly audit   'path-exists': [ '4.0.0' ],
60 silly audit   'path-to-regexp': [ '8.3.0' ],
60 silly audit   'pino-std-serializers': [ '7.1.0' ],
60 silly audit   pngjs: [ '5.0.0' ],
60 silly audit   process: [ '0.11.10' ],
60 silly audit   'process-warning': [ '5.0.0' ],
60 silly audit   'proxy-addr': [ '2.0.7' ],
60 silly audit   'proxy-from-env': [ '1.1.0' ],
60 silly audit   qified: [ '0.5.3' ],
60 silly audit   qs: [ '6.14.1' ],
60 silly audit   'quick-format-unescaped': [ '4.0.4' ],
60 silly audit   'range-parser': [ '1.2.1' ],
60 silly audit   'raw-body': [ '3.0.2' ],
60 silly audit   'real-require': [ '0.2.0' ],
60 silly audit   'require-directory': [ '2.1.1' ],
60 silly audit   'require-main-filename': [ '2.0.0' ],
60 silly audit   router: [ '2.2.0' ],
60 silly audit   'safe-stable-stringify': [ '2.5.0' ],
60 silly audit   send: [ '1.2.1' ],
60 silly audit   'serve-static': [ '2.2.1' ],
60 silly audit   'set-blocking': [ '2.0.0' ],
60 silly audit   setprototypeof: [ '1.2.0' ],
60 silly audit   'side-channel': [ '1.1.0' ],
60 silly audit   'side-channel-list': [ '1.0.0' ],
60 silly audit   'side-channel-map': [ '1.0.1' ],
60 silly audit   'side-channel-weakmap': [ '1.0.2' ],
60 silly audit   'sonic-boom': [ '4.2.0' ],
60 silly audit   split2: [ '4.2.0' ],
60 silly audit   statuses: [ '2.0.2' ],
60 silly audit   'string-width': [ '4.2.3' ],
60 silly audit   'strip-ansi': [ '6.0.1' ],
60 silly audit   strtok3: [ '10.3.4' ],
60 silly audit   toidentifier: [ '1.0.1' ],
60 silly audit   'token-types': [ '6.1.2' ],
60 silly audit   tslib: [ '2.8.1' ],
60 silly audit   'type-is': [ '2.0.1' ],
60 silly audit   'uint8array-extras': [ '1.5.0' ],
60 silly audit   'undici-types': [ '7.16.0' ],
60 silly audit   unpipe: [ '1.0.0' ],
60 silly audit   util: [ '0.10.4' ],
60 silly audit   vary: [ '1.1.2' ],
60 silly audit   'which-module': [ '2.0.1' ],
60 silly audit   'win-guid': [ '0.1.3' ],
60 silly audit   'wrap-ansi': [ '6.2.0' ],
60 silly audit   wrappy: [ '1.0.2' ],
60 silly audit   ws: [ '8.19.0' ],
60 silly audit   y18n: [ '4.0.3' ],
60 silly audit   yargs: [ '15.4.1' ],
60 silly audit   'yargs-parser': [ '18.1.3' ],
60 silly audit   'apt-get': [ '0.1.0' ],
60 silly audit   axios: [ '1.13.5' ],
60 silly audit   express: [ '5.2.1' ],
60 silly audit   'form-data': [ '4.0.5' ],
60 silly audit   imagemagick: [ '0.1.3' ],
60 silly audit   install: [ '0.13.0' ],
60 silly audit   npm: [ '11.11.0' ],
60 silly audit   retry: [ '0.13.1', '0.12.0' ],
60 silly audit   minipass: [ '7.1.3', '3.3.6' ],
60 silly audit   yallist: [ '4.0.0', '5.0.0' ],
60 silly audit   qrcode: [ '1.5.4' ],
60 silly audit   sharp: [ '0.34.5' ],
60 silly audit   '@gar/promise-retry': [ '1.0.2' ],
60 silly audit   '@isaacs/fs-minipass': [ '4.0.1' ],
60 silly audit   '@isaacs/string-locale-compare': [ '1.1.0' ],
60 silly audit   '@npmcli/agent': [ '4.0.0' ],
60 silly audit   '@npmcli/arborist': [ '9.4.0' ],
60 silly audit   '@npmcli/config': [ '10.7.1' ],
60 silly audit   '@npmcli/fs': [ '5.0.0' ],
60 silly audit   '@npmcli/git': [ '7.0.2' ],
60 silly audit   '@npmcli/installed-package-contents': [ '4.0.0' ],
60 silly audit   '@npmcli/map-workspaces': [ '5.0.3' ],
60 silly audit   '@npmcli/metavuln-calculator': [ '9.0.3' ],
60 silly audit   '@npmcli/name-from-folder': [ '4.0.0' ],
60 silly audit   '@npmcli/node-gyp': [ '5.0.0' ],
60 silly audit   '@npmcli/package-json': [ '7.0.5' ],
60 silly audit   '@npmcli/promise-spawn': [ '9.0.1' ],
60 silly audit   '@npmcli/query': [ '5.0.0' ],
60 silly audit   '@npmcli/redact': [ '4.0.0' ],
60 silly audit   '@npmcli/run-script': [ '10.0.3' ],
60 silly audit   '@sigstore/bundle': [ '4.0.0' ],
60 silly audit   '@sigstore/core': [ '3.1.0' ],
60 silly audit   '@sigstore/protobuf-specs': [ '0.5.0' ],
60 silly audit   '@sigstore/sign': [ '4.1.0' ],
60 silly audit   '@sigstore/tuf': [ '4.0.1' ],
60 silly audit   '@sigstore/verify': [ '3.1.0' ],
60 silly audit   '@tufjs/canonical-json': [ '2.0.0' ],
60 silly audit   '@tufjs/models': [ '4.1.0' ],
60 silly audit   abbrev: [ '4.0.0' ],
60 silly audit   'agent-base': [ '7.1.4' ],
60 silly audit   aproba: [ '2.1.0' ],
60 silly audit   archy: [ '1.0.0' ],
60 silly audit   'balanced-match': [ '4.0.4' ],
60 silly audit   'bin-links': [ '6.0.0' ],
60 silly audit   'binary-extensions': [ '3.1.0' ],
60 silly audit   'brace-expansion': [ '5.0.3' ],
60 silly audit   cacache: [ '20.0.3' ],
60 silly audit   chalk: [ '5.6.2' ],
60 silly audit   chownr: [ '3.0.0' ],
60 silly audit   'ci-info': [ '4.4.0' ],
60 silly audit   'cidr-regex': [ '5.0.3' ],
60 silly audit   'cmd-shim': [ '8.0.0' ],
60 silly audit   'common-ancestor-path': [ '2.0.0' ],
60 silly audit   cssesc: [ '3.0.0' ],
60 silly audit   diff: [ '8.0.3' ],
60 silly audit   'env-paths': [ '2.2.1' ],
60 silly audit   'err-code': [ '2.0.3' ],
60 silly audit   'exponential-backoff': [ '3.1.3' ],
60 silly audit   'fastest-levenshtein': [ '1.0.16' ],
60 silly audit   'fs-minipass': [ '3.0.3' ],
60 silly audit   glob: [ '13.0.6' ],
60 silly audit   'graceful-fs': [ '4.2.11' ],
60 silly audit   'hosted-git-info': [ '9.0.2' ],
60 silly audit   'http-cache-semantics': [ '4.2.0' ],
60 silly audit   'http-proxy-agent': [ '7.0.2' ],
60 silly audit   'https-proxy-agent': [ '7.0.6' ],
60 silly audit   'ignore-walk': [ '8.0.0' ],
60 silly audit   imurmurhash: [ '0.1.4' ],
60 silly audit   ini: [ '6.0.0' ],
60 silly audit   'init-package-json': [ '8.2.5' ],
60 silly audit   'ip-address': [ '10.1.0' ],
60 silly audit   'is-cidr': [ '6.0.3' ],
60 silly audit   isexe: [ '4.0.0' ],
60 silly audit   'json-parse-even-better-errors': [ '5.0.0' ],
60 silly audit   'json-stringify-nice': [ '1.1.4' ],
60 silly audit   jsonparse: [ '1.3.1' ],
60 silly audit   'just-diff': [ '6.0.2' ],
60 silly audit   'just-diff-apply': [ '5.5.0' ],
60 silly audit   libnpmaccess: [ '10.0.3' ],
60 silly audit   libnpmdiff: [ '8.1.3' ],
60 silly audit   libnpmexec: [ '10.2.3' ],
60 silly audit   libnpmfund: [ '7.0.17' ],
60 silly audit   libnpmorg: [ '8.0.1' ],
60 silly audit   libnpmpack: [ '9.1.3' ],
60 silly audit   libnpmpublish: [ '11.1.3' ],
60 silly audit   libnpmsearch: [ '9.0.1' ],
60 silly audit   libnpmteam: [ '8.0.2' ],
60 silly audit   libnpmversion: [ '8.0.3' ],
60 silly audit   'make-fetch-happen': [ '15.0.4' ],
60 silly audit   minimatch: [ '10.2.2' ],
60 silly audit   'minipass-collect': [ '2.0.1' ],
60 silly audit   'minipass-fetch': [ '5.0.2' ],
60 silly audit   'minipass-flush': [ '1.0.5' ],
60 silly audit   'minipass-pipeline': [ '1.2.4' ],
60 silly audit   'minipass-sized': [ '2.0.0' ],
60 silly audit   minizlib: [ '3.1.0' ],
60 silly audit   'mute-stream': [ '3.0.0' ],
60 silly audit   'node-gyp': [ '12.2.0' ],
60 silly audit   nopt: [ '9.0.0' ],
60 silly audit   'npm-audit-report': [ '7.0.0' ],
60 silly audit   'npm-bundled': [ '5.0.0' ],
60 silly audit   'npm-install-checks': [ '8.0.0' ],
60 silly audit   'npm-normalize-package-bin': [ '5.0.0' ],
60 silly audit   'npm-package-arg': [ '13.0.2' ],
60 silly audit   'npm-packlist': [ '10.0.4' ],
60 silly audit   'npm-pick-manifest': [ '11.0.3' ],
60 silly audit   'npm-profile': [ '12.0.1' ],
60 silly audit   'npm-registry-fetch': [ '19.1.1' ],
60 silly audit   'npm-user-validate': [ '4.0.0' ],
60 silly audit   'p-map': [ '7.0.4' ],
60 silly audit   pacote: [ '21.4.0' ],
60 silly audit   'parse-conflict-json': [ '5.0.1' ],
60 silly audit   'path-scurry': [ '2.0.2' ],
60 silly audit   'postcss-selector-parser': [ '7.1.1' ],
60 silly audit   'proc-log': [ '6.1.0' ],
60 silly audit   proggy: [ '4.0.0' ],
60 silly audit   'promise-all-reject-late': [ '1.0.1' ],
60 silly audit   'promise-call-limit': [ '3.0.2' ],
60 silly audit   'promise-retry': [ '2.0.1' ],
60 silly audit   promzard: [ '3.0.1' ],
60 silly audit   read: [ '5.0.1' ],
60 silly audit   'read-cmd-shim': [ '6.0.0' ],
60 silly audit   'signal-exit': [ '4.1.0' ],
60 silly audit   sigstore: [ '4.1.0' ],
60 silly audit   'smart-buffer': [ '4.2.0' ],
60 silly audit   socks: [ '2.8.7' ],
60 silly audit   'socks-proxy-agent': [ '8.0.5' ],
60 silly audit   'spdx-exceptions': [ '2.5.0' ],
60 silly audit   'spdx-expression-parse': [ '4.0.0' ],
60 silly audit   'spdx-license-ids': [ '3.0.23' ],
60 silly audit   ssri: [ '13.0.1' ],
60 silly audit   'supports-color': [ '10.2.2' ],
60 silly audit   tar: [ '7.5.9' ],
60 silly audit   'text-table': [ '0.2.0' ],
60 silly audit   'tiny-relative-date': [ '2.0.2' ],
60 silly audit   tinyglobby: [ '0.2.15' ],
60 silly audit   fdir: [ '6.5.0' ],
60 silly audit   picomatch: [ '4.0.3' ],
60 silly audit   treeverse: [ '3.0.0' ],
60 silly audit   'tuf-js': [ '4.1.0' ],
60 silly audit   'unique-filename': [ '5.0.0' ],
60 silly audit   'unique-slug': [ '6.0.0' ],
60 silly audit   'util-deprecate': [ '1.0.2' ],
60 silly audit   'validate-npm-package-name': [ '7.0.2' ],
60 silly audit   'walk-up-path': [ '4.0.0' ],
60 silly audit   which: [ '6.0.1' ],
60 silly audit   'write-file-atomic': [ '7.0.0' ]
60 silly audit }
61 http fetch POST 200 https://registry.npmjs.org/-/npm/v1/security/advisories/bulk 598ms
62 silly audit report {
62 silly audit report   qs: [
62 silly audit report     {
62 silly audit report       id: 1113161,
62 silly audit report       url: 'https://github.com/advisories/GHSA-w7fw-mjwx-w883',
62 silly audit report       title: "qs's arrayLimit bypass in comma parsing allows denial of service",
62 silly audit report       severity: 'low',
62 silly audit report       vulnerable_versions: '>=6.7.0 <=6.14.1',
62 silly audit report       cwe: [Array],
62 silly audit report       cvss: [Object]
62 silly audit report     }
62 silly audit report   ],
62 silly audit report   minimatch: [
62 silly audit report     {
62 silly audit report       id: 1113545,
62 silly audit report       url: 'https://github.com/advisories/GHSA-7r86-cg39-jmmj',
62 silly audit report       title: 'minimatch has ReDoS: matchOne() combinatorial backtracking via multiple non-adjacent GLOBSTAR segments',
62 silly audit report       severity: 'high',
62 silly audit report       vulnerable_versions: '>=10.0.0 <10.2.3',
62 silly audit report       cwe: [Array],
62 silly audit report       cvss: [Object]
62 silly audit report     },
62 silly audit report     {
62 silly audit report       id: 1113553,
62 silly audit report       url: 'https://github.com/advisories/GHSA-23c5-xmqv-rm74',
62 silly audit report       title: 'minimatch ReDoS: nested *() extglobs generate catastrophically backtracking regular expressions',
62 silly audit report       severity: 'high',
62 silly audit report       vulnerable_versions: '>=10.0.0 <10.2.3',
62 silly audit report       cwe: [Array],
62 silly audit report       cvss: [Object]
62 silly audit report     }
62 silly audit report   ]
62 silly audit report }
63 silly packumentCache corgi:https://registry.npmjs.org/qs cache-miss
64 silly packumentCache corgi:https://registry.npmjs.org/minimatch cache-miss
65 http fetch GET 200 https://registry.npmjs.org/minimatch 259ms (cache miss)
66 silly packumentCache corgi:https://registry.npmjs.org/minimatch set size:undefined disposed:false
67 http fetch GET 200 https://registry.npmjs.org/qs 333ms (cache revalidated)
68 silly packumentCache corgi:https://registry.npmjs.org/qs set size:143799 disposed:false
69 silly packumentCache corgi:https://registry.npmjs.org/body-parser cache-miss
70 silly packumentCache corgi:https://registry.npmjs.org/express cache-miss
71 http fetch GET 200 https://registry.npmjs.org/body-parser 94ms (cache revalidated)
72 silly packumentCache corgi:https://registry.npmjs.org/body-parser set size:77795 disposed:false
73 http fetch GET 200 https://registry.npmjs.org/express 276ms (cache revalidated)
74 silly packumentCache corgi:https://registry.npmjs.org/express set size:337735 disposed:false
75 silly packumentCache corgi:https://registry.npmjs.org/npm cache-miss
76 silly packumentCache corgi:https://registry.npmjs.org/@npmcli%2farborist cache-miss
77 silly packumentCache corgi:https://registry.npmjs.org/@npmcli%2fmap-workspaces cache-miss
78 silly packumentCache corgi:https://registry.npmjs.org/@tufjs%2fmodels cache-miss
79 silly packumentCache corgi:https://registry.npmjs.org/glob cache-miss
80 silly packumentCache corgi:https://registry.npmjs.org/ignore-walk cache-miss
81 silly packumentCache corgi:https://registry.npmjs.org/libnpmdiff cache-miss
82 http fetch GET 200 https://registry.npmjs.org/@npmcli%2fmap-workspaces 172ms (cache miss)
83 silly packumentCache corgi:https://registry.npmjs.org/@npmcli%2fmap-workspaces set size:undefined disposed:false
84 http fetch GET 200 https://registry.npmjs.org/@tufjs%2fmodels 439ms (cache miss)
85 silly packumentCache corgi:https://registry.npmjs.org/@tufjs%2fmodels set size:undefined disposed:false
86 http fetch GET 200 https://registry.npmjs.org/ignore-walk 488ms (cache miss)
87 silly packumentCache corgi:https://registry.npmjs.org/ignore-walk set size:undefined disposed:false
88 http fetch GET 200 https://registry.npmjs.org/libnpmdiff 535ms (cache miss)
89 silly packumentCache corgi:https://registry.npmjs.org/libnpmdiff set size:undefined disposed:false
90 http fetch GET 200 https://registry.npmjs.org/glob 581ms (cache miss)
91 silly packumentCache corgi:https://registry.npmjs.org/glob set size:undefined disposed:false
92 http fetch GET 200 https://registry.npmjs.org/@npmcli%2farborist 634ms (cache miss)
93 silly packumentCache corgi:https://registry.npmjs.org/@npmcli%2farborist set size:undefined disposed:false
94 http fetch GET 200 https://registry.npmjs.org/npm 895ms (cache miss)
95 silly packumentCache corgi:https://registry.npmjs.org/npm set size:undefined disposed:false
96 verbose cwd /home/container
97 verbose os Linux 6.1.0-28-amd64
98 verbose node v24.13.1
99 verbose npm  v11.10.1
100 verbose exit 0
101 info ok
