0 verbose cli /usr/local/bin/node /usr/local/bin/npm
1 info using npm@11.10.1
2 info using node@v24.13.1
3 silly config load:file:/usr/local/lib/node_modules/npm/npmrc
4 silly config load:file:/home/container/.npmrc
5 silly config load:file:/usr/local/etc/npmrc
6 verbose title npm install express qrcode npm axios form-data apt-get imagemagick npm sharp npm install sharp
7 verbose argv "install" "express" "qrcode" "npm" "axios" "form-data" "apt-get" "imagemagick" "--yes" "npm" "sharp" "npm" "install" "sharp"
8 verbose logfile logs-max:10 dir:/home/container/.npm/_logs/2026-02-26T17_17_30_598Z-
9 verbose logfile /home/container/.npm/_logs/2026-02-26T17_17_30_598Z-debug-0.log
10 silly logfile done cleaning log files
11 silly packumentCache heap:359137280 maxSize:89784320 maxEntrySize:44892160
12 silly idealTree buildDeps
13 silly fetch manifest apt-get@^0.1.0
14 silly packumentCache full:https://registry.npmjs.org/apt-get cache-miss
15 http fetch GET 200 https://registry.npmjs.org/apt-get 5230ms (cache revalidated)
16 silly packumentCache full:https://registry.npmjs.org/apt-get set size:4607 disposed:false
17 silly fetch manifest axios@^1.13.5
18 silly packumentCache full:https://registry.npmjs.org/axios cache-miss
19 http fetch GET 200 https://registry.npmjs.org/axios 4052ms (cache revalidated)
20 silly packumentCache full:https://registry.npmjs.org/axios set size:694749 disposed:false
21 silly fetch manifest express@^5.2.1
22 silly packumentCache full:https://registry.npmjs.org/express cache-miss
23 http fetch GET 200 https://registry.npmjs.org/express 1805ms (cache revalidated)
24 silly packumentCache full:https://registry.npmjs.org/express set size:801204 disposed:false
25 silly fetch manifest form-data@^4.0.5
26 silly packumentCache full:https://registry.npmjs.org/form-data cache-miss
27 http fetch GET 200 https://registry.npmjs.org/form-data 623ms (cache revalidated)
28 silly packumentCache full:https://registry.npmjs.org/form-data set size:153646 disposed:false
29 silly fetch manifest imagemagick@^0.1.3
30 silly packumentCache full:https://registry.npmjs.org/imagemagick cache-miss
31 http fetch GET 200 https://registry.npmjs.org/imagemagick 1395ms (cache revalidated)
32 silly packumentCache full:https://registry.npmjs.org/imagemagick set size:10205 disposed:false
33 silly fetch manifest install@^0.13.0
34 silly packumentCache full:https://registry.npmjs.org/install cache-miss
35 http fetch GET 200 https://registry.npmjs.org/install 877ms (cache revalidated)
36 silly packumentCache full:https://registry.npmjs.org/install set size:110214 disposed:false
37 silly fetch manifest npm@^11.10.1
38 silly packumentCache full:https://registry.npmjs.org/npm cache-miss
39 http fetch GET 200 https://registry.npmjs.org/npm 6183ms (cache updated)
40 silly packumentCache full:https://registry.npmjs.org/npm set size:undefined disposed:false
41 silly fetch manifest qrcode@^1.5.4
42 silly packumentCache full:https://registry.npmjs.org/qrcode cache-miss
43 http fetch GET 200 https://registry.npmjs.org/qrcode 1823ms (cache revalidated)
44 silly packumentCache full:https://registry.npmjs.org/qrcode set size:131489 disposed:false
45 silly fetch manifest sharp@^0.34.5
46 silly packumentCache full:https://registry.npmjs.org/sharp cache-miss
47 http fetch GET 200 https://registry.npmjs.org/sharp 6533ms (cache revalidated)
48 silly packumentCache full:https://registry.npmjs.org/sharp set size:1034463 disposed:false
49 silly placeDep ROOT apt-get@0.1.0 REPLACE for: bot2@1.0.0 want: ^0.1.0
50 silly placeDep ROOT axios@1.13.5 REPLACE for: bot2@1.0.0 want: ^1.13.5
51 silly placeDep ROOT express@5.2.1 REPLACE for: bot2@1.0.0 want: ^5.2.1
52 silly placeDep ROOT form-data@4.0.5 REPLACE for: bot2@1.0.0 want: ^4.0.5
53 silly placeDep ROOT imagemagick@0.1.3 REPLACE for: bot2@1.0.0 want: ^0.1.3
54 silly placeDep ROOT install@0.13.0 REPLACE for: bot2@1.0.0 want: ^0.13.0
55 silly placeDep ROOT npm@11.11.0 REPLACE for: bot2@1.0.0 want: ^11.10.1
56 silly placeDep ROOT qrcode@1.5.4 REPLACE for: bot2@1.0.0 want: ^1.5.4
57 silly placeDep ROOT sharp@0.34.5 REPLACE for: bot2@1.0.0 want: ^0.34.5
58 silly reify mark retired [
58 silly reify   '/home/container/node_modules/npm',
58 silly reify   '/home/container/node_modules/.bin/npm',
58 silly reify   '/home/container/node_modules/.bin/npx'
58 silly reify ]
59 silly reify moves {
59 silly reify   '/home/container/node_modules/npm': '/home/container/node_modules/.npm-Sz5LTEhi',
59 silly reify   '/home/container/node_modules/.bin/npm': '/home/container/node_modules/.bin/.npm-YzZZ778Y',
59 silly reify   '/home/container/node_modules/.bin/npx': '/home/container/node_modules/.bin/.npx-TGVrU6y2'
59 silly reify }
60 http cache npm@https://registry.npmjs.org/npm/-/npm-11.11.0.tgz 0ms (cache hit)
61 silly tarball no local data for npm@https://registry.npmjs.org/npm/-/npm-11.11.0.tgz. Extracting by manifest.
62 http fetch GET 200 https://registry.npmjs.org/npm/-/npm-11.11.0.tgz 24131ms (cache miss)
63 silly audit bulk request {
63 silly audit   '@borewit/text-codec': [ '0.2.1' ],
63 silly audit   '@cacheable/memory': [ '2.0.7' ],
63 silly audit   '@cacheable/node-cache': [ '1.7.6' ],
63 silly audit   '@cacheable/utils': [ '2.3.3' ],
63 silly audit   '@emnapi/runtime': [ '1.8.1' ],
63 silly audit   '@google/generative-ai': [ '0.24.1' ],
63 silly audit   '@hapi/boom': [ '9.1.4' ],
63 silly audit   '@hapi/hoek': [ '9.3.0' ],
63 silly audit   '@img/colour': [ '1.0.0' ],
63 silly audit   '@img/sharp-darwin-arm64': [ '0.34.5' ],
63 silly audit   '@img/sharp-darwin-x64': [ '0.34.5' ],
63 silly audit   '@img/sharp-libvips-darwin-arm64': [ '1.2.4' ],
63 silly audit   '@img/sharp-libvips-darwin-x64': [ '1.2.4' ],
63 silly audit   '@img/sharp-libvips-linux-arm': [ '1.2.4' ],
63 silly audit   '@img/sharp-libvips-linux-arm64': [ '1.2.4' ],
63 silly audit   '@img/sharp-libvips-linux-ppc64': [ '1.2.4' ],
63 silly audit   '@img/sharp-libvips-linux-riscv64': [ '1.2.4' ],
63 silly audit   '@img/sharp-libvips-linux-s390x': [ '1.2.4' ],
63 silly audit   '@img/sharp-libvips-linux-x64': [ '1.2.4' ],
63 silly audit   '@img/sharp-libvips-linuxmusl-arm64': [ '1.2.4' ],
63 silly audit   '@img/sharp-libvips-linuxmusl-x64': [ '1.2.4' ],
63 silly audit   '@img/sharp-linux-arm': [ '0.34.5' ],
63 silly audit   '@img/sharp-linux-arm64': [ '0.34.5' ],
63 silly audit   '@img/sharp-linux-ppc64': [ '0.34.5' ],
63 silly audit   '@img/sharp-linux-riscv64': [ '0.34.5' ],
63 silly audit   '@img/sharp-linux-s390x': [ '0.34.5' ],
63 silly audit   '@img/sharp-linux-x64': [ '0.34.5' ],
63 silly audit   '@img/sharp-linuxmusl-arm64': [ '0.34.5' ],
63 silly audit   '@img/sharp-linuxmusl-x64': [ '0.34.5' ],
63 silly audit   '@img/sharp-wasm32': [ '0.34.5' ],
63 silly audit   '@img/sharp-win32-arm64': [ '0.34.5' ],
63 silly audit   '@img/sharp-win32-ia32': [ '0.34.5' ],
63 silly audit   '@img/sharp-win32-x64': [ '0.34.5' ],
63 silly audit   '@keyv/bigmap': [ '1.3.0' ],
63 silly audit   '@keyv/serialize': [ '1.1.1' ],
63 silly audit   '@pinojs/redact': [ '0.4.0' ],
63 silly audit   '@protobufjs/aspromise': [ '1.1.2' ],
63 silly audit   '@protobufjs/base64': [ '1.1.2' ],
63 silly audit   '@protobufjs/codegen': [ '2.0.4' ],
63 silly audit   '@protobufjs/eventemitter': [ '1.1.0' ],
63 silly audit   '@protobufjs/fetch': [ '1.1.0' ],
63 silly audit   '@protobufjs/float': [ '1.0.2' ],
63 silly audit   '@protobufjs/inquire': [ '1.1.0' ],
63 silly audit   '@protobufjs/path': [ '1.1.2' ],
63 silly audit   '@protobufjs/pool': [ '1.1.0' ],
63 silly audit   '@protobufjs/utf8': [ '1.1.0' ],
63 silly audit   '@tokenizer/inflate': [ '0.4.1' ],
63 silly audit   '@tokenizer/token': [ '0.3.0' ],
63 silly audit   '@types/long': [ '4.0.2' ],
63 silly audit   '@types/node': [ '25.0.9', '10.17.60' ],
63 silly audit   '@whiskeysockets/baileys': [ '7.0.0-rc.9' ],
63 silly audit   pino: [ '9.14.0', '10.2.0' ],
63 silly audit   'pino-abstract-transport': [ '2.0.0', '3.0.0' ],
63 silly audit   'thread-stream': [ '3.1.0', '4.0.0' ],
63 silly audit   accepts: [ '2.0.0' ],
63 silly audit   'mime-db': [ '1.54.0', '1.52.0' ],
63 silly audit   'mime-types': [ '3.0.2', '2.1.35' ],
63 silly audit   adhan: [ '4.4.3' ],
63 silly audit   'ansi-regex': [ '5.0.1' ],
63 silly audit   'ansi-styles': [ '4.3.0' ],
63 silly audit   'async-mutex': [ '0.5.0' ],
63 silly audit   asynckit: [ '0.4.0' ],
63 silly audit   'atomic-sleep': [ '1.0.0' ],
63 silly audit   'body-parser': [ '2.2.2' ],
63 silly audit   bytes: [ '3.1.2' ],
63 silly audit   cacheable: [ '2.3.1' ],
63 silly audit   'call-bind-apply-helpers': [ '1.0.2' ],
63 silly audit   'call-bound': [ '1.0.4' ],
63 silly audit   camelcase: [ '5.3.1' ],
63 silly audit   cliui: [ '6.0.0' ],
63 silly audit   'color-convert': [ '2.0.1' ],
63 silly audit   'color-name': [ '1.1.4' ],
63 silly audit   'combined-stream': [ '1.0.8' ],
63 silly audit   'content-disposition': [ '1.0.1' ],
63 silly audit   'content-type': [ '1.0.5' ],
63 silly audit   cookie: [ '0.7.2' ],
63 silly audit   'cookie-signature': [ '1.2.2' ],
63 silly audit   'curve25519-js': [ '0.0.4' ],
63 silly audit   debug: [ '4.4.3' ],
63 silly audit   decamelize: [ '1.2.0' ],
63 silly audit   'delayed-stream': [ '1.0.0' ],
63 silly audit   depd: [ '2.0.0' ],
63 silly audit   'detect-libc': [ '2.1.2' ],
63 silly audit   dijkstrajs: [ '1.0.3' ],
63 silly audit   'dunder-proto': [ '1.0.1' ],
63 silly audit   'ee-first': [ '1.1.1' ],
63 silly audit   'emoji-regex': [ '8.0.0' ],
63 silly audit   encodeurl: [ '2.0.0' ],
63 silly audit   'es-define-property': [ '1.0.1' ],
63 silly audit   'es-errors': [ '1.3.0' ],
63 silly audit   'es-object-atoms': [ '1.1.1' ],
63 silly audit   'es-set-tostringtag': [ '2.1.0' ],
63 silly audit   'escape-html': [ '1.0.3' ],
63 silly audit   etag: [ '1.8.1' ],
63 silly audit   eventemitter3: [ '5.0.1' ],
63 silly audit   'file-type': [ '21.3.0' ],
63 silly audit   finalhandler: [ '2.1.1' ],
63 silly audit   'find-up': [ '4.1.0' ],
63 silly audit   'follow-redirects': [ '1.15.11' ],
63 silly audit   forwarded: [ '0.2.0' ],
63 silly audit   fresh: [ '2.0.0' ],
63 silly audit   fs: [ '0.0.1-security' ],
63 silly audit   'function-bind': [ '1.1.2' ],
63 silly audit   'get-caller-file': [ '2.0.5' ],
63 silly audit   'get-intrinsic': [ '1.3.0' ],
63 silly audit   'get-proto': [ '1.0.1' ],
63 silly audit   gopd: [ '1.2.0' ],
63 silly audit   'has-symbols': [ '1.1.0' ],
63 silly audit   'has-tostringtag': [ '1.0.2' ],
63 silly audit   hashery: [ '1.4.0' ],
63 silly audit   hasown: [ '2.0.2' ],
63 silly audit   hookified: [ '1.15.0' ],
63 silly audit   'http-errors': [ '2.0.1' ],
63 silly audit   inherits: [ '2.0.4', '2.0.3' ],
63 silly audit   'iconv-lite': [ '0.7.2' ],
63 silly audit   ieee754: [ '1.2.1' ],
63 silly audit   'ipaddr.js': [ '1.9.1' ],
63 silly audit   'is-fullwidth-code-point': [ '3.0.0' ],
63 silly audit   'is-promise': [ '4.0.0' ],
63 silly audit   keyv: [ '5.5.5' ],
63 silly audit   '@whiskeysockets/libsignal-node': [ '2.0.1' ],
63 silly audit   long: [ '4.0.0', '5.3.2' ],
63 silly audit   protobufjs: [ '6.8.8', '7.5.4' ],
63 silly audit   'locate-path': [ '5.0.0' ],
63 silly audit   'lru-cache': [ '11.2.4', '11.2.6' ],
63 silly audit   'math-intrinsics': [ '1.1.0' ],
63 silly audit   'media-typer': [ '1.1.0' ],
63 silly audit   'merge-descriptors': [ '2.0.0' ],
63 silly audit   ms: [ '2.1.3' ],
63 silly audit   'music-metadata': [ '11.10.6' ],
63 silly audit   negotiator: [ '1.0.0' ],
63 silly audit   'node-cron': [ '4.2.1' ],
63 silly audit   'qrcode-terminal': [ '0.12.0' ],
63 silly audit   'safer-buffer': [ '2.1.2' ],
63 silly audit   semver: [ '7.7.3', '7.7.4' ],
63 silly audit   'object-inspect': [ '1.13.4' ],
63 silly audit   'on-exit-leak-free': [ '2.1.2' ],
63 silly audit   'on-finished': [ '2.4.1' ],
63 silly audit   once: [ '1.4.0' ],
63 silly audit   'p-limit': [ '2.3.0' ],
63 silly audit   'p-locate': [ '4.1.0' ],
63 silly audit   'p-queue': [ '9.1.0' ],
63 silly audit   'p-timeout': [ '7.0.1' ],
63 silly audit   'p-try': [ '2.2.0' ],
63 silly audit   parseurl: [ '1.3.3' ],
63 silly audit   path: [ '0.12.7' ],
63 silly audit   'path-exists': [ '4.0.0' ],
63 silly audit   'path-to-regexp': [ '8.3.0' ],
63 silly audit   'pino-std-serializers': [ '7.1.0' ],
63 silly audit   pngjs: [ '5.0.0' ],
63 silly audit   process: [ '0.11.10' ],
63 silly audit   'process-warning': [ '5.0.0' ],
63 silly audit   'proxy-addr': [ '2.0.7' ],
63 silly audit   'proxy-from-env': [ '1.1.0' ],
63 silly audit   qified: [ '0.5.3' ],
63 silly audit   qs: [ '6.14.1' ],
63 silly audit   'quick-format-unescaped': [ '4.0.4' ],
63 silly audit   'range-parser': [ '1.2.1' ],
63 silly audit   'raw-body': [ '3.0.2' ],
63 silly audit   'real-require': [ '0.2.0' ],
63 silly audit   'require-directory': [ '2.1.1' ],
63 silly audit   'require-main-filename': [ '2.0.0' ],
63 silly audit   router: [ '2.2.0' ],
63 silly audit   'safe-stable-stringify': [ '2.5.0' ],
63 silly audit   send: [ '1.2.1' ],
63 silly audit   'serve-static': [ '2.2.1' ],
63 silly audit   'set-blocking': [ '2.0.0' ],
63 silly audit   setprototypeof: [ '1.2.0' ],
63 silly audit   'side-channel': [ '1.1.0' ],
63 silly audit   'side-channel-list': [ '1.0.0' ],
63 silly audit   'side-channel-map': [ '1.0.1' ],
63 silly audit   'side-channel-weakmap': [ '1.0.2' ],
63 silly audit   'sonic-boom': [ '4.2.0' ],
63 silly audit   split2: [ '4.2.0' ],
63 silly audit   statuses: [ '2.0.2' ],
63 silly audit   'string-width': [ '4.2.3' ],
63 silly audit   'strip-ansi': [ '6.0.1' ],
63 silly audit   strtok3: [ '10.3.4' ],
63 silly audit   toidentifier: [ '1.0.1' ],
63 silly audit   'token-types': [ '6.1.2' ],
63 silly audit   tslib: [ '2.8.1' ],
63 silly audit   'type-is': [ '2.0.1' ],
63 silly audit   'uint8array-extras': [ '1.5.0' ],
63 silly audit   'undici-types': [ '7.16.0' ],
63 silly audit   unpipe: [ '1.0.0' ],
63 silly audit   util: [ '0.10.4' ],
63 silly audit   vary: [ '1.1.2' ],
63 silly audit   'which-module': [ '2.0.1' ],
63 silly audit   'win-guid': [ '0.1.3' ],
63 silly audit   'wrap-ansi': [ '6.2.0' ],
63 silly audit   wrappy: [ '1.0.2' ],
63 silly audit   ws: [ '8.19.0' ],
63 silly audit   y18n: [ '4.0.3' ],
63 silly audit   yargs: [ '15.4.1' ],
63 silly audit   'yargs-parser': [ '18.1.3' ],
63 silly audit   'apt-get': [ '0.1.0' ],
63 silly audit   axios: [ '1.13.5' ],
63 silly audit   express: [ '5.2.1' ],
63 silly audit   'form-data': [ '4.0.5' ],
63 silly audit   imagemagick: [ '0.1.3' ],
63 silly audit   install: [ '0.13.0' ],
63 silly audit   encoding: [ '0.1.13' ],
63 silly audit   minipass: [ '7.1.3', '3.3.6' ],
63 silly audit   yallist: [ '4.0.0', '5.0.0' ],
63 silly audit   qrcode: [ '1.5.4' ],
63 silly audit   sharp: [ '0.34.5' ],
63 silly audit   npm: [ '11.11.0' ],
63 silly audit   abbrev: [ '4.0.0' ],
63 silly audit   'agent-base': [ '7.1.4' ],
63 silly audit   aproba: [ '2.1.0' ],
63 silly audit   archy: [ '1.0.0' ],
63 silly audit   'balanced-match': [ '4.0.4' ],
63 silly audit   'bin-links': [ '6.0.0' ],
63 silly audit   'binary-extensions': [ '3.1.0' ],
63 silly audit   'brace-expansion': [ '5.0.3' ],
63 silly audit   cacache: [ '20.0.3' ],
63 silly audit   chownr: [ '3.0.0' ],
63 silly audit   chalk: [ '5.6.2' ],
63 silly audit   'ci-info': [ '4.4.0' ],
63 silly audit   'cidr-regex': [ '5.0.3' ],
63 silly audit   'cmd-shim': [ '8.0.0' ],
63 silly audit   'common-ancestor-path': [ '2.0.0' ],
63 silly audit   cssesc: [ '3.0.0' ],
63 silly audit   'env-paths': [ '2.2.1' ],
63 silly audit   diff: [ '8.0.3' ],
63 silly audit   'err-code': [ '2.0.3' ],
63 silly audit   'exponential-backoff': [ '3.1.3' ],
63 silly audit   'fastest-levenshtein': [ '1.0.16' ],
63 silly audit   'fs-minipass': [ '3.0.3' ],
63 silly audit   glob: [ '13.0.6' ],
63 silly audit   'graceful-fs': [ '4.2.11' ],
63 silly audit   'hosted-git-info': [ '9.0.2' ],
63 silly audit   'http-cache-semantics': [ '4.2.0' ],
63 silly audit   'http-proxy-agent': [ '7.0.2' ],
63 silly audit   'https-proxy-agent': [ '7.0.6' ],
63 silly audit   'ignore-walk': [ '8.0.0' ],
63 silly audit   imurmurhash: [ '0.1.4' ],
63 silly audit   ini: [ '6.0.0' ],
63 silly audit   'init-package-json': [ '8.2.5' ],
63 silly audit   'ip-address': [ '10.1.0' ],
63 silly audit   'is-cidr': [ '6.0.3' ],
63 silly audit   isexe: [ '4.0.0' ],
63 silly audit   'json-parse-even-better-errors': [ '5.0.0' ],
63 silly audit   'json-stringify-nice': [ '1.1.4' ],
63 silly audit   jsonparse: [ '1.3.1' ],
63 silly audit   'just-diff': [ '6.0.2' ],
63 silly audit   'just-diff-apply': [ '5.5.0' ],
63 silly audit   libnpmaccess: [ '10.0.3' ],
63 silly audit   libnpmdiff: [ '8.1.3' ],
63 silly audit   libnpmexec: [ '10.2.3' ],
63 silly audit   libnpmfund: [ '7.0.17' ],
63 silly audit   libnpmorg: [ '8.0.1' ],
63 silly audit   libnpmpack: [ '9.1.3' ],
63 silly audit   libnpmpublish: [ '11.1.3' ],
63 silly audit   libnpmsearch: [ '9.0.1' ],
63 silly audit   libnpmteam: [ '8.0.2' ],
63 silly audit   libnpmversion: [ '8.0.3' ],
63 silly audit   'make-fetch-happen': [ '15.0.4' ],
63 silly audit   minimatch: [ '10.2.2' ],
63 silly audit   'minipass-collect': [ '2.0.1' ],
63 silly audit   'minipass-fetch': [ '5.0.2' ],
63 silly audit   'minipass-flush': [ '1.0.5' ],
63 silly audit   'minipass-pipeline': [ '1.2.4' ],
63 silly audit   minizlib: [ '3.1.0' ],
63 silly audit   'minipass-sized': [ '2.0.0' ],
63 silly audit   'mute-stream': [ '3.0.0' ],
63 silly audit   'node-gyp': [ '12.2.0' ],
63 silly audit   nopt: [ '9.0.0' ],
63 silly audit   'npm-audit-report': [ '7.0.0' ],
63 silly audit   'npm-bundled': [ '5.0.0' ],
63 silly audit   'npm-install-checks': [ '8.0.0' ],
63 silly audit   'npm-normalize-package-bin': [ '5.0.0' ],
63 silly audit   'npm-package-arg': [ '13.0.2' ],
63 silly audit   'npm-packlist': [ '10.0.4' ],
63 silly audit   'npm-pick-manifest': [ '11.0.3' ],
63 silly audit   'npm-profile': [ '12.0.1' ],
63 silly audit   'npm-registry-fetch': [ '19.1.1' ],
63 silly audit   'npm-user-validate': [ '4.0.0' ],
63 silly audit   'p-map': [ '7.0.4' ],
63 silly audit   pacote: [ '21.4.0' ],
63 silly audit   'parse-conflict-json': [ '5.0.1' ],
63 silly audit   'path-scurry': [ '2.0.2' ],
63 silly audit   'postcss-selector-parser': [ '7.1.1' ],
63 silly audit   'proc-log': [ '6.1.0' ],
63 silly audit   proggy: [ '4.0.0' ],
63 silly audit   'promise-all-reject-late': [ '1.0.1' ],
63 silly audit   'promise-call-limit': [ '3.0.2' ],
63 silly audit   'promise-retry': [ '2.0.1' ],
63 silly audit   promzard: [ '3.0.1' ],
63 silly audit   'read-cmd-shim': [ '6.0.0' ],
63 silly audit   read: [ '5.0.1' ],
63 silly audit   retry: [ '0.12.0', '0.13.1' ],
63 silly audit   'signal-exit': [ '4.1.0' ],
63 silly audit   sigstore: [ '4.1.0' ],
63 silly audit   'smart-buffer': [ '4.2.0' ],
63 silly audit   socks: [ '2.8.7' ],
63 silly audit   'socks-proxy-agent': [ '8.0.5' ],
63 silly audit   'spdx-exceptions': [ '2.5.0' ],
63 silly audit   'spdx-expression-parse': [ '4.0.0' ],
63 silly audit   'spdx-license-ids': [ '3.0.23' ],
63 silly audit   ssri: [ '13.0.1' ],
63 silly audit   'supports-color': [ '10.2.2' ],
63 silly audit   tar: [ '7.5.9' ],
63 silly audit   'text-table': [ '0.2.0' ],
63 silly audit   'tiny-relative-date': [ '2.0.2' ],
63 silly audit   tinyglobby: [ '0.2.15' ],
63 silly audit   picomatch: [ '4.0.3' ],
63 silly audit   fdir: [ '6.5.0' ],
63 silly audit   treeverse: [ '3.0.0' ],
63 silly audit   'tuf-js': [ '4.1.0' ],
63 silly audit   'unique-filename': [ '5.0.0' ],
63 silly audit   'unique-slug': [ '6.0.0' ],
63 silly audit   'util-deprecate': [ '1.0.2' ],
63 silly audit   'validate-npm-package-name': [ '7.0.2' ],
63 silly audit   'walk-up-path': [ '4.0.0' ],
63 silly audit   which: [ '6.0.1' ],
63 silly audit   'write-file-atomic': [ '7.0.0' ],
63 silly audit   '@gar/promise-retry': [ '1.0.2' ],
63 silly audit   '@isaacs/fs-minipass': [ '4.0.1' ],
63 silly audit   '@isaacs/string-locale-compare': [ '1.1.0' ],
63 silly audit   '@npmcli/agent': [ '4.0.0' ],
63 silly audit   '@npmcli/arborist': [ '9.4.0' ],
63 silly audit   '@npmcli/config': [ '10.7.1' ],
63 silly audit   '@npmcli/fs': [ '5.0.0' ],
63 silly audit   '@npmcli/git': [ '7.0.2' ],
63 silly audit   '@npmcli/installed-package-contents': [ '4.0.0' ],
63 silly audit   '@npmcli/map-workspaces': [ '5.0.3' ],
63 silly audit   '@npmcli/metavuln-calculator': [ '9.0.3' ],
63 silly audit   '@npmcli/name-from-folder': [ '4.0.0' ],
63 silly audit   '@npmcli/node-gyp': [ '5.0.0' ],
63 silly audit   '@npmcli/package-json': [ '7.0.5' ],
63 silly audit   '@npmcli/promise-spawn': [ '9.0.1' ],
63 silly audit   '@npmcli/redact': [ '4.0.0' ],
63 silly audit   '@npmcli/query': [ '5.0.0' ],
63 silly audit   '@npmcli/run-script': [ '10.0.3' ],
63 silly audit   '@sigstore/bundle': [ '4.0.0' ],
63 silly audit   '@sigstore/core': [ '3.1.0' ],
63 silly audit   '@sigstore/protobuf-specs': [ '0.5.0' ],
63 silly audit   '@sigstore/sign': [ '4.1.0' ],
63 silly audit   '@sigstore/tuf': [ '4.0.1' ],
63 silly audit   '@sigstore/verify': [ '3.1.0' ],
63 silly audit   '@tufjs/canonical-json': [ '2.0.0' ],
63 silly audit   '@tufjs/models': [ '4.1.0' ]
63 silly audit }
64 http fetch POST 200 https://registry.npmjs.org/-/npm/v1/security/advisories/bulk 1074ms
65 silly audit report {
65 silly audit report   qs: [
65 silly audit report     {
65 silly audit report       id: 1113161,
65 silly audit report       url: 'https://github.com/advisories/GHSA-w7fw-mjwx-w883',
65 silly audit report       title: "qs's arrayLimit bypass in comma parsing allows denial of service",
65 silly audit report       severity: 'low',
65 silly audit report       vulnerable_versions: '>=6.7.0 <=6.14.1',
65 silly audit report       cwe: [Array],
65 silly audit report       cvss: [Object]
65 silly audit report     }
65 silly audit report   ]
65 silly audit report }
66 silly packumentCache corgi:https://registry.npmjs.org/qs cache-miss
67 http fetch GET 200 https://registry.npmjs.org/qs 1985ms (cache revalidated)
68 silly packumentCache corgi:https://registry.npmjs.org/qs set size:143799 disposed:false
69 silly packumentCache corgi:https://registry.npmjs.org/body-parser cache-miss
70 silly packumentCache corgi:https://registry.npmjs.org/express cache-miss
71 http fetch GET 200 https://registry.npmjs.org/body-parser 1080ms (cache revalidated)
72 silly packumentCache corgi:https://registry.npmjs.org/body-parser set size:77795 disposed:false
73 http fetch GET 200 https://registry.npmjs.org/express 1918ms (cache revalidated)
74 silly packumentCache corgi:https://registry.npmjs.org/express set size:337735 disposed:false
75 silly CHANGE node_modules/npm
76 silly CHANGE node_modules/npm/node_modules/which
77 silly CHANGE node_modules/npm/node_modules/spdx-license-ids
78 silly CHANGE node_modules/npm/node_modules/semver
79 silly CHANGE node_modules/npm/node_modules/qrcode-terminal
80 silly CHANGE node_modules/npm/node_modules/pacote
81 silly CHANGE node_modules/npm/node_modules/npm-packlist
82 silly CHANGE node_modules/npm/node_modules/nopt
83 silly CHANGE node_modules/npm/node_modules/node-gyp
84 silly CHANGE node_modules/npm/node_modules/minipass-fetch
85 silly CHANGE node_modules/npm/node_modules/make-fetch-happen
86 silly CHANGE node_modules/npm/node_modules/libnpmpack
87 silly CHANGE node_modules/npm/node_modules/libnpmfund
88 silly CHANGE node_modules/npm/node_modules/libnpmexec
89 silly CHANGE node_modules/npm/node_modules/libnpmdiff
90 silly CHANGE node_modules/npm/node_modules/iconv-lite
91 silly CHANGE node_modules/npm/node_modules/cssesc
92 silly CHANGE node_modules/npm/node_modules/brace-expansion
93 silly CHANGE node_modules/npm/node_modules/balanced-match
94 silly CHANGE node_modules/npm/node_modules/@npmcli/installed-package-contents
95 silly CHANGE node_modules/npm/node_modules/@npmcli/git
96 silly CHANGE node_modules/npm/node_modules/@npmcli/arborist
97 verbose cwd /home/container
98 verbose os Linux 6.1.0-28-amd64
99 verbose node v24.13.1
100 verbose npm  v11.10.1
101 verbose exit 0
102 info ok
